2026-03-14 20:00:08:    ▲ Next.js 16.0.8
2026-03-14 20:00:08:    - Local:         http://localhost:3000
2026-03-14 20:00:08:    - Network:       http://172.16.0.2:3000
2026-03-14 20:00:08: 
2026-03-14 20:00:08:  ✓ Starting...
2026-03-14 20:00:08:  ✓ Ready in 478ms
2026-03-14 20:02:14:    ▲ Next.js 16.0.8
2026-03-14 20:02:14:    - Local:         http://localhost:3000
2026-03-14 20:02:14:    - Network:       http://172.20.48.1:3000
2026-03-14 20:02:14: 
2026-03-14 20:02:14:  ✓ Starting...
2026-03-14 20:02:15:  ✓ Ready in 605ms
2026-03-14 20:49:17:    ▲ Next.js 16.0.8
2026-03-14 20:49:17:    - Local:         http://localhost:3000
2026-03-14 20:49:17:    - Network:       http://192.168.1.11:3000
2026-03-14 20:49:17: 
2026-03-14 20:49:17:  ✓ Starting...
2026-03-14 20:49:17:  ✓ Ready in 538ms
2026-03-14 21:11:40:    ▲ Next.js 16.0.8
2026-03-14 21:11:40:    - Local:         http://localhost:3000
2026-03-14 21:11:40:    - Network:       http://172.16.0.2:3000
2026-03-14 21:11:40: 
2026-03-14 21:11:40:  ✓ Starting...
2026-03-14 21:11:40:  ✓ Ready in 344ms
2026-03-14 21:16:58:    ▲ Next.js 16.0.8
2026-03-14 21:16:58:    - Local:         http://localhost:3000
2026-03-14 21:16:58:    - Network:       http://172.16.0.2:3000
2026-03-14 21:16:58: 
2026-03-14 21:16:58:  ✓ Starting...
2026-03-14 21:16:58:  ✓ Ready in 532ms
2026-03-14 21:26:07:    ▲ Next.js 16.0.8
2026-03-14 21:26:07:    - Local:         http://localhost:3000
2026-03-14 21:26:07:    - Network:       http://172.23.0.1:3000
2026-03-14 21:26:07: 
2026-03-14 21:26:07:  ✓ Starting...
2026-03-14 21:26:07:  ✓ Ready in 536ms
2026-03-14 21:28:32:    ▲ Next.js 16.0.8
2026-03-14 21:28:32:    - Local:         http://localhost:3000
2026-03-14 21:28:32:    - Network:       http://172.16.0.2:3000
2026-03-14 21:28:32: 
2026-03-14 21:28:32:  ✓ Starting...
2026-03-14 21:28:32:  ✓ Ready in 343ms
2026-03-14 21:31:11:    ▲ Next.js 16.0.8
2026-03-14 21:31:11:    - Local:         http://localhost:3000
2026-03-14 21:31:11:    - Network:       http://172.25.64.1:3000
2026-03-14 21:31:11: 
2026-03-14 21:31:11:  ✓ Starting...
2026-03-14 21:31:11:  ✓ Ready in 530ms
2026-03-14 21:33:40:    ▲ Next.js 16.0.8
2026-03-14 21:33:40:    - Local:         http://localhost:3000
2026-03-14 21:33:40:    - Network:       http://192.168.1.11:3000
2026-03-14 21:33:40: 
2026-03-14 21:33:40:  ✓ Starting...
2026-03-14 21:33:40:  ✓ Ready in 535ms
2026-03-15 20:21:29:    ▲ Next.js 16.0.8
2026-03-15 20:21:29:    - Local:         http://localhost:3000
2026-03-15 20:21:29:    - Network:       http://192.168.1.11:3000
2026-03-15 20:21:29: 
2026-03-15 20:21:29:  ✓ Starting...
2026-03-15 20:21:29:  ✓ Ready in 565ms
2026-03-15 22:07:29:    ▲ Next.js 16.0.8
2026-03-15 22:07:29:    - Local:         http://localhost:3000
2026-03-15 22:07:29:    - Network:       http://192.168.1.11:3000
2026-03-15 22:07:29: 
2026-03-15 22:07:29:  ✓ Starting...
2026-03-15 22:07:29:  ✓ Ready in 386ms
2026-03-15 22:12:42:    ▲ Next.js 16.0.8
2026-03-15 22:12:42:    - Local:         http://localhost:3000
2026-03-15 22:12:42:    - Network:       http://192.168.1.11:3000
2026-03-15 22:12:42: 
2026-03-15 22:12:42:  ✓ Starting...
2026-03-15 22:12:42:  ✓ Ready in 341ms
2026-03-15 22:31:00:    ▲ Next.js 16.0.8
2026-03-15 22:31:00:    - Local:         http://localhost:3000
2026-03-15 22:31:00:    - Network:       http://192.168.1.11:3000
2026-03-15 22:31:00: 
2026-03-15 22:31:00:  ✓ Starting...
2026-03-15 22:31:00:  ✓ Ready in 539ms
2026-03-17 10:06:19:    ▲ Next.js 16.0.8
2026-03-17 10:06:19:    - Local:         http://localhost:3000
2026-03-17 10:06:19:    - Network:       http://172.23.0.1:3000
2026-03-17 10:06:19: 
2026-03-17 10:06:19:  ✓ Starting...
2026-03-17 10:06:20:  ✓ Ready in 594ms
2026-03-17 20:03:12:    ▲ Next.js 16.0.8
2026-03-17 20:03:12:    - Local:         http://localhost:3000
2026-03-17 20:03:12:    - Network:       http://172.23.0.1:3000
2026-03-17 20:03:12: 
2026-03-17 20:03:12:  ✓ Starting...
2026-03-17 20:03:12:  ✓ Ready in 551ms
2026-03-18 10:04:25:    ▲ Next.js 16.0.8
2026-03-18 10:04:25:    - Local:         http://localhost:3000
2026-03-18 10:04:25:    - Network:       http://172.23.0.1:3000
2026-03-18 10:04:25: 
2026-03-18 10:04:25:  ✓ Starting...
2026-03-18 10:04:25:  ✓ Ready in 867ms
2026-03-18 10:40:36:    ▲ Next.js 16.0.8
2026-03-18 10:40:36:    - Local:         http://localhost:3000
2026-03-18 10:40:36:    - Network:       http://172.23.0.1:3000
2026-03-18 10:40:36: 
2026-03-18 10:40:36:  ✓ Starting...
2026-03-18 10:40:36:  ✓ Ready in 534ms
